<?xml version="1.0" encoding="UTF-8"?>
<testng-results skipped="0" failed="0" ignored="0" total="1" passed="1">
  <reporter-output>
  </reporter-output>
  <suite name="Default suite" duration-ms="1961" started-at="2018-11-30T09:56:19Z" finished-at="2018-11-30T09:56:21Z">
    <groups>
    </groups>
    <test name="Default test" duration-ms="1961" started-at="2018-11-30T09:56:19Z" finished-at="2018-11-30T09:56:21Z">
      <class name="bootstrap.PopUpHandling">
        <test-method status="PASS" signature="defualtTest()[pri:0, instance:bootstrap.PopUpHandling@63e0057a]" name="defualtTest" duration-ms="1886" started-at="2018-11-30T09:56:19Z" finished-at="2018-11-30T09:56:21Z">
          <reporter-output>
          </reporter-output>
        </test-method> <!-- defualtTest -->
      </class> <!-- bootstrap.PopUpHandling -->
    </test> <!-- Default test -->
  </suite> <!-- Default suite -->
</testng-results>
